\BOOKMARK [1][-]{section.1}{\376\377\000T\000h\000e\000\040\000H\000S\000\040\000i\000d\000e\000n\000t\000i\000t\000y\000\040\000a\000n\000d\000\040\000t\000h\000e\000\040\000s\000i\000g\000n\000\040\000p\000r\000o\000b\000l\000e\000m}{}% 1
\BOOKMARK [2][-]{subsection.1.1}{\376\377\000T\000h\000e\000\040\000E\000u\000c\000l\000i\000d\000e\000a\000n\000\040\000q\000u\000a\000r\000t\000i\000c\000\040\000r\000e\000q\000u\000i\000r\000e\000s\000\040\000i\000m\000a\000g\000i\000n\000a\000r\000y\000\040\000c\000o\000u\000p\000l\000i\000n\000g}{section.1}% 2
\BOOKMARK [2][-]{subsection.1.2}{\376\377\000T\000h\000e\000\040\000-\000i\000n\000t\000e\000g\000r\000a\000l\000\040\000o\000n\000\040\000t\000h\000e\000\040\000r\000e\000a\000l\000\040\000a\000x\000i\000s}{section.1}% 3
\BOOKMARK [1][-]{section.2}{\376\377\000T\000h\000e\000\040\000N\000L\000S\000M\000:\000\040\000K\000u\000p\000i\000a\000i\000n\000e\000n\000'\000s\000\040\000m\000a\000s\000s\000\040\000t\000r\000i\000c\000k}{}% 4
\BOOKMARK [2][-]{subsection.2.1}{\376\377\000A\000d\000d\000i\000n\000g\000\040\000m\0000\0002\000\040\000f\000o\000r\000\040\000f\000r\000e\000e}{section.2}% 5
\BOOKMARK [2][-]{subsection.2.2}{\376\377\000T\000h\000e\000\040\000N\000L\000S\000M\000\040\000o\000p\000e\000r\000a\000t\000o\000r\000\040\000h\000a\000s\000\040\000r\000e\000a\000l\000\040\000m\000a\000s\000s}{section.2}% 6
\BOOKMARK [2][-]{subsection.2.3}{\376\377\000K\000u\000p\000i\000a\000i\000n\000e\000n\000'\000s\000\040\000p\000r\000o\000o\000f\000\040\000s\000t\000r\000u\000c\000t\000u\000r\000e}{section.2}% 7
\BOOKMARK [1][-]{section.3}{\376\377\000T\000h\000e\000\040\000L\000S\000M\000:\000\040\000t\000h\000e\000\040\000m\000a\000s\000s\000\040\000c\000a\000n\000c\000e\000l\000s}{}% 8
\BOOKMARK [2][-]{subsection.3.1}{\376\377\000A\000d\000d\000-\000s\000u\000b\000t\000r\000a\000c\000t\000\040\000f\000a\000i\000l\000s}{section.3}% 9
\BOOKMARK [2][-]{subsection.3.2}{\376\377\000C\000o\000n\000s\000e\000q\000u\000e\000n\000c\000e\000s}{section.3}% 10
\BOOKMARK [2][-]{subsection.3.3}{\376\377\000C\000o\000m\000p\000a\000r\000i\000s\000o\000n}{section.3}% 11
\BOOKMARK [1][-]{section.4}{\376\377\000C\000o\000m\000p\000a\000r\000i\000s\000o\000n\000\040\000a\000c\000r\000o\000s\000s\000\040\000d\000i\000m\000e\000n\000s\000i\000o\000n\000s}{}% 12
\BOOKMARK [2][-]{subsection.4.1}{\376\377\000d\000\040\000=\000\040\0000\000\040\000\050\000m\000a\000t\000r\000i\000x\000\040\000m\000o\000d\000e\000l\000\051}{section.4}% 13
\BOOKMARK [2][-]{subsection.4.2}{\376\377\000d\000\040\000=\000\040\0001\000\040\000\050\000q\000u\000a\000n\000t\000u\000m\000\040\000m\000e\000c\000h\000a\000n\000i\000c\000s\000\051}{section.4}% 14
\BOOKMARK [2][-]{subsection.4.3}{\376\377\000d\000\040\000=\000\040\0002\000\040\000\050\000Q\000F\000T\000\051}{section.4}% 15
\BOOKMARK [2][-]{subsection.4.4}{\376\377\000S\000u\000m\000m\000a\000r\000y}{section.4}% 16
\BOOKMARK [1][-]{section.5}{\376\377\000T\000h\000e\000\040\000s\000a\000d\000d\000l\000e\000-\000p\000o\000i\000n\000t\000\040\000s\000t\000r\000u\000c\000t\000u\000r\000e}{}% 17
\BOOKMARK [2][-]{subsection.5.1}{\376\377\000T\000h\000e\000\040\000g\000a\000p\000\040\000e\000q\000u\000a\000t\000i\000o\000n}{section.5}% 18
\BOOKMARK [2][-]{subsection.5.2}{\376\377\000T\000h\000e\000\040\000s\000a\000d\000d\000l\000e\000-\000p\000o\000i\000n\000t\000\040\000G\000a\000u\000s\000s\000i\000a\000n}{section.5}% 19
\BOOKMARK [2][-]{subsection.5.3}{\376\377\000T\000h\000e\000\040\000o\000s\000c\000i\000l\000l\000a\000t\000o\000r\000y\000\040\000c\000o\000r\000r\000e\000c\000t\000i\000o\000n\000s}{section.5}% 20
\BOOKMARK [1][-]{section.6}{\376\377\000W\000h\000a\000t\000\040\000K\000u\000p\000i\000a\000i\000n\000e\000n\000\040\000p\000r\000o\000v\000e\000d}{}% 21
\BOOKMARK [2][-]{subsection.6.1}{\376\377\000N\000L\000S\000M\000\040\000\050\0001\0009\0008\0000\000a\000\051\000:\000\040\000m\000a\000s\000s\000\040\000g\000a\000p}{section.6}% 22
\BOOKMARK [2][-]{subsection.6.2}{\376\377\000L\000S\000M\000\040\000\050\0001\0009\0008\0000\000b\000\051\000:\000\040\000p\000r\000e\000s\000s\000u\000r\000e\000\040\000o\000n\000l\000y}{section.6}% 23
\BOOKMARK [2][-]{subsection.6.3}{\376\377\000I\000m\000p\000l\000i\000c\000a\000t\000i\000o\000n\000s}{section.6}% 24
\BOOKMARK [1][-]{section.7}{\376\377\000S\000t\000r\000a\000t\000e\000g\000y\000:\000\040\000L\000e\000f\000s\000c\000h\000e\000t\000z\000\040\000t\000h\000i\000m\000b\000l\000e}{}% 25
\BOOKMARK [2][-]{subsection.7.1}{\376\377\000L\000e\000f\000s\000c\000h\000e\000t\000z\000\040\000t\000h\000i\000m\000b\000l\000e\000s\000:\000\040\000d\000e\000f\000i\000n\000i\000t\000i\000o\000n}{section.7}% 26
\BOOKMARK [2][-]{subsection.7.2}{\376\377\000T\000h\000i\000m\000b\000l\000e\000\040\000d\000e\000c\000o\000m\000p\000o\000s\000i\000t\000i\000o\000n}{section.7}% 27
\BOOKMARK [2][-]{subsection.7.3}{\376\377\000S\000i\000n\000g\000l\000e\000-\000t\000h\000i\000m\000b\000l\000e\000\040\000d\000o\000m\000i\000n\000a\000n\000c\000e\000\040\000a\000t\000\040\000l\000a\000r\000g\000e\000\040\000N}{section.7}% 28
\BOOKMARK [2][-]{subsection.7.4}{\376\377\000N\000o\000\040\000t\000o\000p\000o\000l\000o\000g\000i\000c\000a\000l\000\040\000o\000b\000s\000t\000r\000u\000c\000t\000i\000o\000n\000\040\000f\000o\000r\000\040\000s\000c\000a\000l\000a\000r\000\040\000f\000i\000e\000l\000d\000s}{section.7}% 29
\BOOKMARK [1][-]{section.8}{\376\377\000T\000h\000e\000\040\000c\000o\000n\000s\000t\000a\000n\000t\000\040\000s\000h\000i\000f\000t\000\040\000a\000n\000d\000\040\000t\000h\000i\000m\000b\000l\000e\000\040\000g\000e\000o\000m\000e\000t\000r\000y}{}% 30
\BOOKMARK [2][-]{subsection.8.1}{\376\377\000T\000h\000e\000\040\000d\000\040\000=\000\040\0000\000\040\000c\000o\000m\000p\000u\000t\000a\000t\000i\000o\000n}{section.8}% 31
\BOOKMARK [2][-]{subsection.8.2}{\376\377\000T\000h\000e\000\040\000o\000p\000e\000r\000a\000t\000o\000r\000\040\000o\000n\000\040\000t\000h\000e\000\040\000s\000h\000i\000f\000t\000e\000d\000\040\000c\000o\000n\000t\000o\000u\000r}{section.8}% 32
\BOOKMARK [2][-]{subsection.8.3}{\376\377\000T\000h\000e\000\040\000t\000h\000i\000m\000b\000l\000e\000\040\000u\000n\000i\000f\000i\000e\000s\000\040\000L\000S\000M\000\040\000a\000n\000d\000\040\000N\000L\000S\000M}{section.8}% 33
\BOOKMARK [2][-]{subsection.8.4}{\376\377\000T\000h\000e\000\040\000N\000\040\000=\000\040\000\040\000t\000h\000i\000m\000b\000l\000e\000\040\000i\000s\000\040\000e\000x\000a\000c\000t\000l\000y\000\040\000f\000l\000a\000t}{section.8}% 34
\BOOKMARK [2][-]{subsection.8.5}{\376\377\000T\000h\000e\000\040\000l\000e\000a\000d\000i\000n\000g\000\040\0001\000/\000N\000\040\000c\000o\000r\000r\000e\000c\000t\000i\000o\000n\000:\000\040\000e\000x\000p\000l\000i\000c\000i\000t\000\040\000f\000o\000r\000m\000u\000l\000a}{section.8}% 35
\BOOKMARK [2][-]{subsection.8.6}{\376\377\000P\000r\000o\000p\000e\000r\000t\000i\000e\000s\000\040\000o\000f\000\040\000t\000h\000e\000\040\000c\000o\000r\000r\000e\000c\000t\000i\000o\000n}{section.8}% 36
\BOOKMARK [2][-]{subsection.8.7}{\376\377\000M\000u\000l\000t\000i\000-\000s\000i\000t\000e\000:\000\040\000c\000o\000n\000s\000t\000a\000n\000t\000\040\000s\000h\000i\000f\000t\000\040\000p\000l\000u\000s\000\040\000l\000o\000c\000a\000l\000\040\000c\000o\000r\000r\000e\000c\000t\000i\000o\000n\000s}{section.8}% 37
\BOOKMARK [2][-]{subsection.8.8}{\376\377\000T\000h\000e\000\040\000t\000h\000i\000m\000b\000l\000e\000\040\000i\000s\000\040\000a\000\040\000L\000a\000g\000r\000a\000n\000g\000i\000a\000n\000\040\000s\000u\000b\000m\000a\000n\000i\000f\000o\000l\000d}{section.8}% 38
\BOOKMARK [3][-]{subsubsection.8.8.1}{\376\377\000P\000r\000o\000o\000f}{subsection.8.8}% 39
\BOOKMARK [3][-]{subsubsection.8.8.2}{\376\377\000C\000o\000n\000s\000e\000q\000u\000e\000n\000c\000e\000s}{subsection.8.8}% 40
\BOOKMARK [1][-]{section.9}{\376\377\000T\000h\000e\000\040\000H\000a\000m\000i\000l\000t\000o\000n\000-\000J\000a\000c\000o\000b\000i\000\040\000e\000q\000u\000a\000t\000i\000o\000n}{}% 41
\BOOKMARK [2][-]{subsection.9.1}{\376\377\000T\000h\000e\000\040\000e\000q\000u\000a\000t\000i\000o\000n}{section.9}% 42
\BOOKMARK [2][-]{subsection.9.2}{\376\377\000C\000o\000n\000c\000r\000e\000t\000e\000\040\000f\000o\000r\000m\000:\000\040\000t\000h\000e\000\040\000a\000r\000c\000t\000a\000n\000\040\000e\000q\000u\000a\000t\000i\000o\000n}{section.9}% 43
\BOOKMARK [2][-]{subsection.9.3}{\376\377\000P\000e\000r\000t\000u\000r\000b\000a\000t\000i\000v\000e\000\040\000e\000x\000p\000a\000n\000s\000i\000o\000n}{section.9}% 44
\BOOKMARK [2][-]{subsection.9.4}{\376\377\000C\000o\000n\000v\000e\000r\000g\000e\000n\000c\000e\000\040\000o\000f\000\040\000t\000h\000e\000\040\0001\000/\000N\000\040\000e\000x\000p\000a\000n\000s\000i\000o\000n}{section.9}% 45
\BOOKMARK [2][-]{subsection.9.5}{\376\377\000T\000h\000e\000\040\000J\000a\000c\000o\000b\000i\000a\000n\000\040\000p\000h\000a\000s\000e\000\040\000a\000n\000d\000\040\000t\000h\000e\000\040\000o\000r\000d\000e\000r\000\040\000o\000f\000\040\000l\000i\000m\000i\000t\000s}{section.9}% 46
\BOOKMARK [3][-]{subsubsection.9.5.1}{\376\377\000T\000h\000e\000\040\000r\000e\000s\000i\000d\000u\000a\000l\000\040\000p\000h\000a\000s\000e\000\040\000p\000r\000o\000b\000l\000e\000m}{subsection.9.5}% 47
\BOOKMARK [3][-]{subsubsection.9.5.2}{\376\377\000C\000o\000n\000s\000e\000q\000u\000e\000n\000c\000e\000\040\000f\000o\000r\000\040\000t\000h\000e\000\040\000m\000a\000s\000s\000\040\000g\000a\000p}{subsection.9.5}% 48
\BOOKMARK [3][-]{subsubsection.9.5.3}{\376\377\000T\000h\000e\000\040\000q\000u\000a\000n\000t\000u\000m\000\040\000H\000a\000m\000i\000l\000t\000o\000n\000-\000J\000a\000c\000o\000b\000i\000\040\000e\000q\000u\000a\000t\000i\000o\000n}{subsection.9.5}% 49
\BOOKMARK [3][-]{subsubsection.9.5.4}{\376\377\000B\000o\000u\000n\000d\000s\000-\000o\000n\000l\000y\000\040\000a\000p\000p\000r\000o\000a\000c\000h\000\040\000t\000o\000\040\000t\000h\000e\000\040\000q\000u\000a\000n\000t\000u\000m\000\040\000t\000h\000i\000m\000b\000l\000e}{subsection.9.5}% 50
\BOOKMARK [3][-]{subsubsection.9.5.5}{\376\377\000T\000h\000e\000\040\000t\000r\000a\000n\000s\000f\000e\000r\000\040\000m\000a\000t\000r\000i\000x\000\040\000r\000e\000s\000o\000l\000u\000t\000i\000o\000n}{subsection.9.5}% 51
\BOOKMARK [1][-]{section.10}{\376\377\000S\000o\000l\000u\000t\000i\000o\000n\000\040\000t\000h\000e\000o\000r\000y\000\040\000a\000n\000d\000\040\000t\000h\000e\000\040\000m\000a\000s\000s\000\040\000g\000a\000p\000\040\000p\000r\000o\000o\000f}{}% 52
\BOOKMARK [2][-]{subsection.10.1}{\376\377\000S\000o\000l\000u\000t\000i\000o\000n\000\040\000t\000h\000e\000o\000r\000y\000\040\000f\000o\000r\000\040\000t\000h\000e\000\040\000H\000J\000\040\000e\000q\000u\000a\000t\000i\000o\000n}{section.10}% 53
\BOOKMARK [3][-]{subsubsection.10.1.1}{\376\377\000M\000e\000t\000h\000o\000d\000\040\000o\000f\000\040\000c\000h\000a\000r\000a\000c\000t\000e\000r\000i\000s\000t\000i\000c\000s}{subsection.10.1}% 54
\BOOKMARK [3][-]{subsubsection.10.1.2}{\376\377\000A\000\040\000p\000r\000i\000o\000r\000i\000\040\000b\000o\000u\000n\000d\000s\000\040\000o\000n\000\040}{subsection.10.1}% 55
\BOOKMARK [3][-]{subsubsection.10.1.3}{\376\377\000F\000i\000x\000e\000d\000-\000p\000o\000i\000n\000t\000\040\000f\000o\000r\000m\000u\000l\000a\000t\000i\000o\000n}{subsection.10.1}% 56
\BOOKMARK [3][-]{subsubsection.10.1.4}{\376\377\000W\000h\000a\000t\000\040\000t\000h\000e\000\040\000p\000r\000o\000o\000f\000\040\000n\000e\000e\000d\000s\000\040\000v\000s\000.\000\040\000w\000h\000a\000t\000\040\000w\000e\000\040\000c\000o\000m\000p\000u\000t\000e}{subsection.10.1}% 57
\BOOKMARK [2][-]{subsection.10.2}{\376\377\000P\000r\000o\000p\000e\000r\000t\000i\000e\000s\000\040\000o\000f\000\040\000t\000h\000e\000\040\000i\000n\000t\000e\000g\000r\000a\000l\000\040\000o\000v\000e\000r\000\040\000J\0000}{section.10}% 58
\BOOKMARK [3][-]{subsubsection.10.2.1}{\376\377\000S\000i\000n\000g\000u\000l\000a\000r\000i\000t\000y\000\040\000a\000v\000o\000i\000d\000a\000n\000c\000e\000\040\000i\000n\000\040\000t\000h\000e\000\040\000t\000h\000e\000r\000m\000o\000d\000y\000n\000a\000m\000i\000c\000\040\000l\000i\000m\000i\000t}{subsection.10.2}% 59
\BOOKMARK [3][-]{subsubsection.10.2.2}{\376\377\000G\000l\000o\000b\000a\000l\000\040\000v\000s\000.\000\040\000l\000o\000c\000a\000l\000\040\000l\000o\000g\000-\000c\000o\000n\000c\000a\000v\000i\000t\000y}{subsection.10.2}% 60
\BOOKMARK [3][-]{subsubsection.10.2.3}{\376\377\000B\000r\000a\000s\000c\000a\000m\000p\000-\000L\000i\000e\000b\000:\000\040\000w\000h\000i\000c\000h\000\040\000v\000e\000r\000s\000i\000o\000n\000?}{subsection.10.2}% 61
\BOOKMARK [3][-]{subsubsection.10.2.4}{\376\377\000U\000n\000i\000f\000o\000r\000m\000i\000t\000y\000\040\000a\000n\000d\000\040\000t\000h\000e\000\040\000i\000n\000f\000i\000n\000i\000t\000e\000-\000v\000o\000l\000u\000m\000e\000\040\000l\000i\000m\000i\000t}{subsection.10.2}% 62
\BOOKMARK [2][-]{subsection.10.3}{\376\377\000T\000h\000e\000\040\000f\000l\000o\000w\000e\000d\000\040\000m\000a\000n\000i\000f\000o\000l\000d\000\040\000a\000l\000t\000e\000r\000n\000a\000t\000i\000v\000e}{section.10}% 63
\BOOKMARK [2][-]{subsection.10.4}{\376\377\000P\000r\000o\000o\000f\000\040\000p\000l\000a\000n\000\040\000\050\000u\000s\000i\000n\000g\000\040\000t\000h\000e\000\040\000c\000o\000n\000s\000t\000a\000n\000t\000\040\000s\000h\000i\000f\000t\000\051}{section.10}% 64
\BOOKMARK [1][-]{section.11}{\376\377\000O\000t\000h\000e\000r\000\040\000s\000t\000r\000a\000t\000e\000g\000i\000e\000s\000\040\000f\000o\000r\000\040\000c\000o\000m\000p\000a\000r\000i\000s\000o\000n}{}% 65
\BOOKMARK [2][-]{subsection.11.1}{\376\377\000S\000t\000r\000a\000t\000e\000g\000y\000\040\000A\000:\000\040\000N\000L\000S\000M\000\040\000\050\000K\000u\000p\000i\000a\000i\000n\000e\000n\000\051}{section.11}% 66
\BOOKMARK [2][-]{subsection.11.2}{\376\377\000S\000t\000r\000a\000t\000e\000g\000y\000\040\000B\000:\000\040\000L\000S\000M\000\040\000s\000a\000d\000d\000l\000e\000-\000p\000o\000i\000n\000t\000\040\000\050\000r\000e\000a\000l\000\040\000a\000x\000i\000s\000\051}{section.11}% 67
\BOOKMARK [2][-]{subsection.11.3}{\376\377\000S\000t\000r\000a\000t\000e\000g\000y\000\040\000C\000:\000\040\000L\000S\000M\000\040\000\040\000N\000L\000S\000M\000\040\000e\000q\000u\000i\000v\000a\000l\000e\000n\000c\000e}{section.11}% 68
\BOOKMARK [2][-]{subsection.11.4}{\376\377\000S\000t\000r\000a\000t\000e\000g\000y\000\040\000c\000o\000m\000p\000a\000r\000i\000s\000o\000n}{section.11}% 69
\BOOKMARK [1][-]{section.12}{\376\377\000T\000h\000e\000\040\000N\000\040\000=\000\040\0002\000\040\000o\000b\000s\000t\000r\000u\000c\000t\000i\000o\000n}{}% 70
\BOOKMARK [1][-]{section.13}{\376\377\000C\000u\000r\000r\000e\000n\000t\000\040\000s\000t\000a\000t\000u\000s}{}% 71
\BOOKMARK [2][-]{subsection.13.1}{\376\377\000W\000h\000a\000t\000\040\000i\000s\000\040\000p\000r\000o\000v\000e\000d\000\040\000\050\000i\000n\000\040\000L\000e\000a\000n\000\051}{section.13}% 72
\BOOKMARK [2][-]{subsection.13.2}{\376\377\000W\000h\000a\000t\000\040\000i\000s\000\040\000a\000x\000i\000o\000m\000a\000t\000i\000z\000e\000d}{section.13}% 73
\BOOKMARK [2][-]{subsection.13.3}{\376\377\000O\000p\000e\000n\000\040\000q\000u\000e\000s\000t\000i\000o\000n\000s}{section.13}% 74
